[19:45:16.237] === Plugin Call Trace Started ===
[19:45:16.251] 
[19:45:16.251] ====== Plugin Registration ======
[19:45:16.251]   [method] AlphaMovie.AlphaMovie
[19:45:16.251]   [method] AlphaMovie.open
[19:45:16.251]   [method] AlphaMovie.play
[19:45:16.251]   [method] AlphaMovie.stop
[19:45:16.251]   [method] AlphaMovie.pause
[19:45:16.251]   [method] AlphaMovie.close
[19:45:16.251]   [method] AlphaMovie.rewind
[19:45:16.251]   [property] AlphaMovie.loop
[19:45:16.251]   [property] AlphaMovie.visible
[19:45:16.251]   [property] AlphaMovie.frame
[19:45:16.251]   [property] AlphaMovie.fps
[19:45:16.251]   [property] AlphaMovie.position
[19:45:16.251]   [property] AlphaMovie.width
[19:45:16.251]   [property] AlphaMovie.height
[19:45:16.251]   [property] AlphaMovie.opened
[19:45:16.251]   [property] AlphaMovie.isPlaying
[19:45:16.251]   [property] AlphaMovie.totalTime
[19:45:16.251]   [property] AlphaMovie.numberOfFrame
[19:45:16.251]   [property] AlphaMovie.numOfFrame
[19:45:16.251]   [property] AlphaMovie.FPSRate
[19:45:16.251]   [property] AlphaMovie.FPSScale
[19:45:16.251]   [property] AlphaMovie.screenWidth
[19:45:16.251]   [property] AlphaMovie.screenHeight
[19:45:16.251]   [method] AlphaMovie.showNextImage
[19:45:16.252]   [method] DrawDeviceD2D.DrawDeviceD2D
[19:45:16.252]   [property] DrawDeviceD2D.interface
[19:45:16.252]   [property] DrawDeviceD2D.viewState
[19:45:16.252]   [method] DrawDeviceD2D.__captureBaseDrawDevice
[19:45:16.252]   [method] DrawDeviceD2D.recreate
[19:45:16.252]   [method] DrawDeviceD2D.blank
[19:45:16.252]   [method] DrawDeviceD2D.relocate
[19:45:16.252]   [method] ViewState.ViewState
[19:45:16.252]   [property] ViewState.type
[19:45:16.252]   [property] ViewState.visible
[19:45:16.252]   [property] ViewState.fopacity
[19:45:16.252]   [property] ViewState.opacity
[19:45:16.252]   [property] ViewState.order
[19:45:16.252]   [property] ViewState.zinterp
[19:45:16.252]   [property] ViewState.root
[19:45:16.252]   [property] ViewState.base
[19:45:16.252]   [property] ViewState.main
[19:45:16.252]   [method] ViewState.setRect
[19:45:16.252]   [method] ViewState.getRect
[19:45:16.252]   [class] DrawDeviceD2D.ViewState (static)
[19:45:16.252]   [method] TemporaryFiles.TemporaryFiles
[19:45:16.252]   [method] TemporaryFiles.entry
[19:45:16.252]   [method] TemporaryFiles.entryFolder
[19:45:16.252]   [method] GLESAdaptor.GLESAdaptor
[19:45:16.252]   [property] GLESAdaptor.screenWidth
[19:45:16.252]   [property] GLESAdaptor.screenHeight
[19:45:16.252]   [method] GLESAdaptor.getModule
[19:45:16.252]   [method] GLESAdaptor.setScreenSize
[19:45:16.252]   [method] GLESAdaptor.makeCurrent
[19:45:16.252]   [method] GLESAdaptor.beginScene
[19:45:16.252]   [method] GLESAdaptor.endScene
[19:45:16.252]   [method] GLESAdaptor.entryUpdateObject
[19:45:16.252]   [method] GLESAdaptor.capture
[19:45:16.252]   [method] GLESAdaptor.glesCapture
[19:45:16.252]   [method] GLESAdaptor.captureScreen
[19:45:16.252]   [method] GLESAdaptor.glesCaptureScreen
[19:45:16.252]   [method] GLESAdaptor.copyLayer
[19:45:16.252]   [method] GLESAdaptor.glesCopyLayer
[19:45:16.252]   [method] GLESAdaptor.drawLayer
[19:45:16.252]   [method] GLESAdaptor.glesDrawLayer
[19:45:16.252]   [method] GLESAdaptor.drawAffine
[19:45:16.252]   [method] GLESAdaptor.drawAffineGLES
[19:45:16.252]   [method] GLESAdaptor.render
[19:45:16.252]   [method] GLESAdaptor.setMatrix
[19:45:16.252]   [method] GLESAdaptor.createModel
[19:45:16.252]   [method] GLESAdaptor.createMatrix
[19:45:16.252]   [method] GLESAdaptor.createDevice
[19:45:16.252]   [method] GLESAdaptor.glesEntry
[19:45:16.252]   [method] GLESAdaptor.glesRemove
[19:45:16.252]   [method] GLESAdaptor.finalize
[19:45:16.252]   [method] GLESModule.GLESModule
[19:45:16.252]   [property] GLESModule.screenWidth
[19:45:16.252]   [property] GLESModule.screenHeight
[19:45:16.252]   [method] GLESModule.entryUpdateObject
[19:45:16.252]   [method] GLESModule.setScreenSize
[19:45:16.252]   [method] GLESModule.makeCurrent
[19:45:16.252]   [method] GLESModule.beginScene
[19:45:16.252]   [method] GLESModule.endScene
[19:45:16.252]   [method] GLESModule.finalize
[19:45:16.252]   [method] GLESModule.capture
[19:45:16.252]   [method] GLESModule.captureScreen
[19:45:16.252]   [method] GLESModule.glesCapture
[19:45:16.252]   [method] GLESModule.glesCaptureScreen
[19:45:16.252]   [method] GLESModule.copyLayer
[19:45:16.252]   [method] GLESModule.glesCopyLayer
[19:45:16.252]   [method] GLESModule.drawLayer
[19:45:16.252]   [method] GLESModule.glesDrawLayer
[19:45:16.252]   [method] GLESModule.drawAffine
[19:45:16.252]   [method] GLESModule.drawAffineGLES
[19:45:16.252]   [method] GLESModule.render
[19:45:16.252]   [method] GLESModule.setMatrix
[19:45:16.252]   [method] GLESModule.createModel
[19:45:16.252]   [method] GLESModule.createMatrix
[19:45:16.252]   [method] GLESModule.createDevice
[19:45:16.252]   [method] GdiPlus.addPrivateFont (static)
[19:45:16.252]   [method] GdiPlus.getFontList (static)
[19:45:16.252]   [method] PointF.PointF
[19:45:16.252]   [property] PointF.x
[19:45:16.252]   [property] PointF.y
[19:45:16.252]   [method] PointF.Equals
[19:45:16.252]   [class] GdiPlus.PointF (static)
[19:45:16.252]   [method] RectF.RectF
[19:45:16.252]   [property] RectF.x
[19:45:16.252]   [property] RectF.y
[19:45:16.252]   [property] RectF.width
[19:45:16.252]   [property] RectF.height
[19:45:16.252]   [property] RectF.left
[19:45:16.252]   [property] RectF.top
[19:45:16.252]   [property] RectF.right
[19:45:16.252]   [property] RectF.bottom
[19:45:16.252]   [property] RectF.location
[19:45:16.252]   [property] RectF.bounds
[19:45:16.252]   [method] RectF.Clone
[19:45:16.252]   [method] RectF.Equals
[19:45:16.252]   [method] RectF.Inflate
[19:45:16.252]   [method] RectF.InflatePoint
[19:45:16.252]   [method] RectF.IntersectsWith
[19:45:16.252]   [method] RectF.IsEmptyArea
[19:45:16.252]   [method] RectF.Offset
[19:45:16.252]   [method] RectF.Union (static)
[19:45:16.252]   [class] GdiPlus.RectF (static)
[19:45:16.252]   [method] Image.Image
[19:45:16.252]   [method] Image.load
[19:45:16.252]   [method] Image.Clone
[19:45:16.252]   [method] Image.GetBounds
[19:45:16.252]   [method] Image.GetFlags
[19:45:16.252]   [method] Image.GetHeight
[19:45:16.252]   [method] Image.GetHorizontalResolution
[19:45:16.252]   [method] Image.GetLastStatus
[19:45:16.252]   [method] Image.GetPixelFormat
[19:45:16.252]   [method] Image.GetType
[19:45:16.252]   [method] Image.GetVerticalResolution
[19:45:16.252]   [method] Image.GetWidth
[19:45:16.252]   [method] Image.RotateFlip
[19:45:16.252]   [class] GdiPlus.Image (static)
[19:45:16.252]   [method] Matrix.Matrix
[19:45:16.252]   [method] Matrix.OffsetX
[19:45:16.252]   [method] Matrix.OffsetY
[19:45:16.252]   [method] Matrix.Equals
[19:45:16.252]   [method] Matrix.SetElements
[19:45:16.252]   [method] Matrix.GetLastStatus
[19:45:16.252]   [method] Matrix.Invert
[19:45:16.252]   [method] Matrix.IsIdentity
[19:45:16.252]   [method] Matrix.IsInvertible
[19:45:16.252]   [method] Matrix.Multiply
[19:45:16.252]   [method] Matrix.Reset
[19:45:16.252]   [method] Matrix.Rotate
[19:45:16.252]   [method] Matrix.RotateAt
[19:45:16.252]   [method] Matrix.Scale
[19:45:16.252]   [method] Matrix.Shear
[19:45:16.252]   [method] Matrix.Translate
[19:45:16.252]   [class] GdiPlus.Matrix (static)
[19:45:16.252]   [method] Font.Font
[19:45:16.252]   [property] Font.familyName
[19:45:16.252]   [property] Font.emSize
[19:45:16.252]   [property] Font.style
[19:45:16.252]   [property] Font.forceSelfPathDraw
[19:45:16.252]   [property] Font.ascent
[19:45:16.252]   [property] Font.descent
[19:45:16.252]   [property] Font.ascentLeading
[19:45:16.252]   [property] Font.descentLeading
[19:45:16.252]   [property] Font.lineSpacing
[19:45:16.252]   [class] GdiPlus.Font (static)
[19:45:16.252]   [method] Appearance.Appearance
[19:45:16.252]   [method] Appearance.clear
[19:45:16.253]   [method] Appearance.addBrush
[19:45:16.253]   [method] Appearance.addPen
[19:45:16.253]   [class] GdiPlus.Appearance (static)
[19:45:16.253]   [method] Path.Path
[19:45:16.253]   [method] Path.startFigure
[19:45:16.253]   [method] Path.closeFigure
[19:45:16.253]   [method] Path.drawArc
[19:45:16.253]   [method] Path.drawPie
[19:45:16.253]   [method] Path.drawBezier
[19:45:16.253]   [method] Path.drawBeziers
[19:45:16.253]   [method] Path.drawClosedCurve
[19:45:16.253]   [method] Path.drawClosedCurve2
[19:45:16.253]   [method] Path.drawCurve
[19:45:16.253]   [method] Path.drawCurve2
[19:45:16.253]   [method] Path.drawCurve3
[19:45:16.253]   [method] Path.drawEllipse
[19:45:16.253]   [method] Path.drawLine
[19:45:16.253]   [method] Path.drawLines
[19:45:16.253]   [method] Path.drawPolygon
[19:45:16.253]   [method] Path.drawRectangle
[19:45:16.253]   [method] Path.drawRectangles
[19:45:16.253]   [class] GdiPlus.Path (static)
[19:45:16.253]   [property] Motion.enableD3D (static)
[19:45:16.253]   [property] Motion.PlayFlagForce (static)
[19:45:16.253]   [property] Motion.ShapeTypePoint (static)
[19:45:16.253]   [property] Motion.ShapeTypeCircle (static)
[19:45:16.253]   [property] Motion.ShapeTypeRect (static)
[19:45:16.253]   [property] Motion.ShapeTypeQuad (static)
[19:45:16.253]   [method] ResourceManager.ResourceManager
[19:45:16.253]   [method] ResourceManager.load
[19:45:16.253]   [method] ResourceManager.unload
[19:45:16.253]   [method] ResourceManager.clearCache
[19:45:16.253]   [method] ResourceManager.setEmotePSBDecryptSeed (static)
[19:45:16.253]   [method] ResourceManager.setEmotePSBDecryptFunc (static)
[19:45:16.253]   [method] ResourceManager.missing
[19:45:16.253]   [class] Motion.ResourceManager (static)
[19:45:16.253]   [method] Player.Player
[19:45:16.253]   [property] Player.useD3D (static)
[19:45:16.253]   [property] Player.enableD3D (static)
[19:45:16.253]   [property] Player.playing
[19:45:16.253]   [property] Player.allplaying
[19:45:16.253]   [property] Player.motion
[19:45:16.253]   [property] Player.chara
[19:45:16.253]   [property] Player.tickCount
[19:45:16.253]   [property] Player.lastTime
[19:45:16.253]   [property] Player.speed
[19:45:16.253]   [property] Player.completionType
[19:45:16.253]   [method] Player.play
[19:45:16.253]   [method] Player.stop
[19:45:16.253]   [method] Player.progress
[19:45:16.253]   [method] Player.skipToSync
[19:45:16.253]   [method] Player.setDrawAffineTranslateMatrix
[19:45:16.253]   [method] Player.setCoord
[19:45:16.253]   [method] Player.contains
[19:45:16.253]   [method] Player.getCommandList
[19:45:16.253]   [method] Player.getLayerMotion
[19:45:16.253]   [method] Player.getLayerGetter
[19:45:16.253]   [method] Player.clear
[19:45:16.253]   [method] Player.draw
[19:45:16.253]   [method] Player.setVariable
[19:45:16.253]   [method] Player.getVariable
[19:45:16.253]   [property] Player.loopTime
[19:45:16.253]   [method] Player.canSync
[19:45:16.253]   [method] Player.sync
[19:45:16.253]   [method] Player.missing
[19:45:16.253]   [class] Motion.Player (static)
[19:45:16.253]   [method] EmotePlayer.EmotePlayer
[19:45:16.253]   [property] EmotePlayer.useD3D
[19:45:16.253]   [method] EmotePlayer.missing
[19:45:16.253]   [class] Motion.EmotePlayer (static)
[19:45:16.253]   [method] SeparateLayerAdaptor.SeparateLayerAdaptor
[19:45:16.253]   [property] SeparateLayerAdaptor.width
[19:45:16.253]   [property] SeparateLayerAdaptor.height
[19:45:16.253]   [property] SeparateLayerAdaptor.face
[19:45:16.253]   [property] SeparateLayerAdaptor.imageWidth
[19:45:16.253]   [property] SeparateLayerAdaptor.imageHeight
[19:45:16.253]   [method] SeparateLayerAdaptor.loadImages
[19:45:16.253]   [method] SeparateLayerAdaptor.fillRect
[19:45:16.253]   [method] SeparateLayerAdaptor.operateRect
[19:45:16.253]   [class] Motion.SeparateLayerAdaptor (static)
[19:45:16.253]   [property] Motion.D3DAdaptor (static)
[19:45:16.253]   [method] PSBFile.PSBFile
[19:45:16.253]   [property] PSBFile.root
[19:45:16.253]   [method] PSBFile.load
[19:45:16.253]   [method] PSD.PSD
[19:45:16.253]   [method] PSD.load
[19:45:16.253]   [property] PSD.width
[19:45:16.253]   [property] PSD.height
[19:45:16.253]   [property] PSD.channels
[19:45:16.253]   [property] PSD.depth
[19:45:16.253]   [property] PSD.color_mode
[19:45:16.253]   [property] PSD.layer_count
[19:45:16.253]   [method] PSD.getLayerType
[19:45:16.253]   [method] PSD.getLayerName
[19:45:16.253]   [method] PSD.getLayerInfo
[19:45:16.253]   [method] PSD.getLayerData
[19:45:16.253]   [method] PSD.getLayerDataRaw
[19:45:16.253]   [method] PSD.getLayerDataMask
[19:45:16.253]   [method] PSD.getSlices
[19:45:16.253]   [method] PSD.getGuides
[19:45:16.253]   [method] PSD.getBlend
[19:45:16.253]   [method] PSD.getLayerComp
[19:45:16.253]   [method] PSD.clearStorageCache (static)
[19:45:16.253]   [method] TextRenderBase.TextRenderBase
[19:45:16.253]   [method] TextRenderBase.render
[19:45:16.253]   [method] TextRenderBase.setRenderSize
[19:45:16.253]   [method] TextRenderBase.setDefault
[19:45:16.253]   [method] TextRenderBase.setOption
[19:45:16.253]   [method] TextRenderBase.getCharacters
[19:45:16.253]   [method] TextRenderBase.clear
[19:45:16.253]   [method] TextRenderBase.done
[19:45:16.253]   [method] TextRenderBase.getKeyWait
[19:45:16.253]   [method] TextRenderBase.renderDelay
[19:45:16.253]   [method] TextRenderBase.calcShowCount
[19:45:16.253]   [method] TextRenderBase.renderText
[19:45:16.253]   [method] TextRenderBase.resetStyle
[19:45:16.253]   [method] TextRenderBase.resetFont
[19:45:16.253]   [method] TextRenderBase.renderOver
[19:45:16.253]   [method] TextRenderBase.setFontScale
[19:45:16.253]   [method] TextRenderBase.getRect
[19:45:16.253]   [property] TextRenderBase.vertical
[19:45:16.253]   [property] TextRenderBase.bold
[19:45:16.253]   [property] TextRenderBase.italic
[19:45:16.253]   [property] TextRenderBase.face
[19:45:16.253]   [property] TextRenderBase.fontSize
[19:45:16.253]   [property] TextRenderBase.chColor
[19:45:16.253]   [property] TextRenderBase.rubySize
[19:45:16.253]   [property] TextRenderBase.rubyOffset
[19:45:16.253]   [property] TextRenderBase.shadow
[19:45:16.253]   [property] TextRenderBase.shadowColor
[19:45:16.253]   [property] TextRenderBase.edge
[19:45:16.253]   [property] TextRenderBase.lineSpacing
[19:45:16.253]   [property] TextRenderBase.pitch
[19:45:16.253]   [property] TextRenderBase.lineSize
[19:45:16.253]   [property] TextRenderBase.defaultBold
[19:45:16.253]   [property] TextRenderBase.defaultItalic
[19:45:16.253]   [property] TextRenderBase.defaultFace
[19:45:16.253]   [property] TextRenderBase.defaultFontSize
[19:45:16.253]   [property] TextRenderBase.defaultChColor
[19:45:16.253]   [property] TextRenderBase.defaultRubySize
[19:45:16.253]   [property] TextRenderBase.defaultRubyOffset
[19:45:16.253]   [property] TextRenderBase.defaultShadow
[19:45:16.253]   [property] TextRenderBase.defaultShadowColor
[19:45:16.253]   [property] TextRenderBase.defaultEdge
[19:45:16.253]   [property] TextRenderBase.defaultLineSpacing
[19:45:16.253]   [property] TextRenderBase.defaultPitch
[19:45:16.253]   [property] TextRenderBase.defaultLineSize
[19:45:16.253]   [property] TextRenderBase.fontScale
[19:45:16.253]   [property] TextRenderBase.renderLeft
[19:45:16.253]   [property] TextRenderBase.renderTop
[19:45:16.253]   [property] TextRenderBase.renderWidth
[19:45:16.253]   [property] TextRenderBase.renderHeight
[19:45:16.253]   [property] TextRenderBase.renderRight
[19:45:16.253]   [property] TextRenderBase.renderBottom
[19:45:16.253]   [method] GainLimit.GainLimit
[19:45:16.253]   [property] GainLimit.interface
[19:45:16.253]   [property] GainLimit.effectMix
[19:45:16.253]   [property] GainLimit.mix
[19:45:16.253]   [property] GainLimit.gain
[19:45:16.253]   [property] GainLimit.limit
[19:45:16.253]   [property] GainLimit.clip
[19:45:16.253]   [property] GainLimit.threshold
[19:45:16.253]   [property] GainLimit.attack
[19:45:16.253]   [property] GainLimit.release
[19:45:16.253]   [method] GainLimit.setGain
[19:45:16.253]   [method] GainLimit.setLimit
[19:45:16.253]   [method] GainLimit.setParams
[19:45:16.253]   [method] GainLimit.reset
[19:45:16.253]   [method] GainLimit.clear
[19:45:16.253]   [method] WaveDelay.WaveDelay
[19:45:16.253]   [property] WaveDelay.interface
[19:45:16.253]   [property] WaveDelay.effectMix
[19:45:16.253]   [property] WaveDelay.mix
[19:45:16.253]   [property] WaveDelay.delay
[19:45:16.253]   [property] WaveDelay.maxDelay
[19:45:16.253]   [property] WaveDelay.feedback
[19:45:16.253]   [method] WaveDelay.setDelay
[19:45:16.253]   [method] WaveDelay.setParams
[19:45:16.253]   [method] WaveDelay.reset
[19:45:16.253]   [method] WaveDelay.clear
[19:45:16.253]   [method] DelayEffect.DelayEffect
[19:45:16.253]   [property] DelayEffect.interface
[19:45:16.253]   [property] DelayEffect.effectMix
[19:45:16.253]   [property] DelayEffect.mix
[19:45:16.253]   [property] DelayEffect.delay
[19:45:16.253]   [property] DelayEffect.maxDelay
[19:45:16.253]   [property] DelayEffect.feedback
[19:45:16.253]   [method] DelayEffect.setDelay
[19:45:16.253]   [method] DelayEffect.setParams
[19:45:16.253]   [method] DelayEffect.reset
[19:45:16.253]   [method] DelayEffect.clear
[19:45:16.253]   [method] GraphicEqualizer.GraphicEqualizer
[19:45:16.253]   [property] GraphicEqualizer.interface
[19:45:16.253]   [property] GraphicEqualizer.effectMix
[19:45:16.253]   [property] GraphicEqualizer.mix
[19:45:16.253]   [property] GraphicEqualizer.bandCount
[19:45:16.253]   [method] GraphicEqualizer.set
[19:45:16.253]   [method] GraphicEqualizer.setBand
[19:45:16.253]   [method] GraphicEqualizer.setGain
[19:45:16.253]   [method] GraphicEqualizer.setParams
[19:45:16.253]   [method] GraphicEqualizer.reset
[19:45:16.253]   [method] GraphicEqualizer.clear
[19:45:16.253]   [method] StkFreeVerb.StkFreeVerb
[19:45:16.253]   [property] StkFreeVerb.interface
[19:45:16.253]   [property] StkFreeVerb.effectMix
[19:45:16.253]   [property] StkFreeVerb.mix
[19:45:16.253]   [property] StkFreeVerb.roomSize
[19:45:16.253]   [property] StkFreeVerb.damp
[19:45:16.253]   [property] StkFreeVerb.width
[19:45:16.253]   [property] StkFreeVerb.wet
[19:45:16.253]   [property] StkFreeVerb.dry
[19:45:16.253]   [method] StkFreeVerb.setEffectMix
[19:45:16.253]   [method] StkFreeVerb.reset
[19:45:16.253]   [method] StkFreeVerb.clear
[19:45:16.253]   [method] WaveDSPFilter.WaveDSPFilter
[19:45:16.253]   [property] WaveDSPFilter.interface
[19:45:16.253]   [property] WaveDSPFilter.type
[19:45:16.253]   [property] WaveDSPFilter.design
[19:45:16.253]   [property] WaveDSPFilter.order
[19:45:16.253]   [property] WaveDSPFilter.frequency
[19:45:16.253]   [property] WaveDSPFilter.freq
[19:45:16.253]   [property] WaveDSPFilter.gain
[19:45:16.253]   [property] WaveDSPFilter.Q
[19:45:16.253]   [property] WaveDSPFilter.bandwidth
[19:45:16.253]   [property] WaveDSPFilter.ripple
[19:45:16.253]   [property] WaveDSPFilter.channels
[19:45:16.253]   [property] WaveDSPFilter.sampleRate
[19:45:16.253]   [property] WaveDSPFilter.mix
[19:45:16.253]   [method] WaveDSPFilter.setParams
[19:45:16.253]   [method] WaveDSPFilter.reset
[19:45:16.253]   [method] WaveDSPFilter.clear
[19:45:16.254] ====== Registration Complete ======
[19:45:16.254] 
[19:45:16.895] [Plugin] PackinOne.dll MISSING (no fallback)
[19:45:16.895] [Plugin] KAGParserEx.dll loaded OK
[19:45:16.900] [Plugin] layerExImage.dll loaded OK
[19:45:16.904] [Plugin] scriptsEx.dll loaded OK
[19:45:16.938] [Plugin] layerExSubImage.dll MISSING (no fallback)
[19:45:16.980] [Plugin] gfxEffect.dll MISSING → fallback: gfxFireStub
[19:45:16.982] [Plugin] flashPlayer.dll MISSING (no fallback)
[19:45:16.984] [Plugin] motionplayer.dll loaded OK
[19:45:17.069] [Plugin] windowEx.dll loaded OK
[19:45:17.129] [Plugin] csvParser.dll loaded OK
[19:45:17.206] [Plugin] fstat.dll loaded OK
[19:45:17.213] [Plugin] wuvorbis.dll loaded OK
[19:45:17.630] [Plugin] extrans.dll loaded OK
[19:45:17.631] [Plugin] extNagano.dll MISSING (no fallback)
